<?xml version="1.0" encoding="UTF-8" ?>
<testsuite tests="1" failures="1" name="helloworld.AppTest" time="1.502" errors="0" skipped="0">
  <properties>
[...]
</properties>
  <testcase classname="helloworld.AppTest" name="successfulResponse" time="1.502">
    <failure type="java.lang.AssertionError">java.lang.AssertionError
	at org.junit.Assert.fail(Assert.java:86)
	at org.junit.Assert.assertTrue(Assert.java:41)
	at org.junit.Assert.assertTrue(Assert.java:52)
	at helloworld.AppTest.successfulResponse(AppTest.java:17)
	at sun.reflect.NativeMethodAccessorImpl.invoke0(Native Method)
	at sun.reflect.NativeMethodAccessorImpl.invoke(NativeMethodAccessorImpl.java:62)
	at sun.reflect.DelegatingMethodAccessorImpl.invoke(DelegatingMethodAccessorImpl.java:43)
	at java.lang.reflect.Method.invoke(Method.java:498)
	at org.junit.runners.model.FrameworkMethod$1.runReflectiveCall(FrameworkMethod.java:50)
	at org.junit.internal.runners.model.ReflectiveCallable.run(ReflectiveCallable.java:12)
	at org.junit.runners.model.FrameworkMethod.invokeExplosively(FrameworkMethod.java:47)
	at org.junit.internal.runners.statements.InvokeMethod.evaluate(InvokeMethod.java:17)
	at org.junit.runners.ParentRunner.runLeaf(ParentRunner.java:325)
	at org.junit.runners.BlockJUnit4ClassRunner.runChild(BlockJUnit4ClassRunner.java:78)
	at org.junit.runners.BlockJUnit4ClassRunner.runChild(BlockJUnit4ClassRunner.java:57)
	at org.junit.runners.ParentRunner$3.run(ParentRunner.java:290)
	at org.junit.runners.ParentRunner$1.schedule(ParentRunner.java:71)
	at org.junit.runners.ParentRunner.runChildren(ParentRunner.java:288)
	at org.junit.runners.ParentRunner.access$000(ParentRunner.java:58)
	at org.junit.runners.ParentRunner$2.evaluate(ParentRunner.java:268)
	at org.junit.runners.ParentRunner.run(ParentRunner.java:363)
	at org.apache.maven.surefire.junit4.JUnit4Provider.execute(JUnit4Provider.java:252)
	at org.apache.maven.surefire.junit4.JUnit4Provider.executeTestSet(JUnit4Provider.java:141)
	at org.apache.maven.surefire.junit4.JUnit4Provider.invoke(JUnit4Provider.java:112)
	at sun.reflect.NativeMethodAccessorImpl.invoke0(Native Method)
	at sun.reflect.NativeMethodAccessorImpl.invoke(NativeMethodAccessorImpl.java:62)
	at sun.reflect.DelegatingMethodAccessorImpl.invoke(DelegatingMethodAccessorImpl.java:43)
	at java.lang.reflect.Method.invoke(Method.java:498)
	at org.apache.maven.surefire.util.ReflectionUtils.invokeMethodWithArray(ReflectionUtils.java:189)
	at org.apache.maven.surefire.booter.ProviderFactory$ProviderProxy.invoke(ProviderFactory.java:165)
	at org.apache.maven.surefire.booter.ProviderFactory.invokeProvider(ProviderFactory.java:85)
	at org.apache.maven.surefire.booter.ForkedBooter.runSuitesInProcess(ForkedBooter.java:115)
	at org.apache.maven.surefire.booter.ForkedBooter.main(ForkedBooter.java:75)
</failure>
    <system-out>&lt;br/&gt;&lt;center&gt;&lt;br/&gt;&lt;img src=&quot;https://www.asiaflash.com/anh/af_occ02_01_belier.jpg&quot; alt=&quot;B�lier&quot; title=&quot;B�lier&quot;/&gt;&lt;/center&gt;&lt;br&gt;&lt;br&gt;&lt;b&gt;Horoscope B�lier - Amour&lt;/b&gt;&lt;br&gt;Ce climat plan�taire vous sera favorable c�t� coeur, surtout si vous �tes solitaire. Nombreux sont donc les natifs c�libataires qui sentiront leur coeur battre la chamade. Natifs vivant en couple, vous devrez mettre un peu plus de fantaisie dans vos relations conjugales. Fuyez la routine et la monotonie comme la peste. &quot;En amour, il n&apos;y a pas de plus affreux d�sastre que la mort de l&apos;imagination&quot; (George Meredith). Mais n&apos;allez tout de m�me pas jusqu&apos;� d�router compl�tement votre partenaire.&lt;br&gt;&lt;br&gt;&lt;b&gt;Horoscope B�lier - Argent&lt;/b&gt;&lt;br&gt;Avec la pr�sence de Saturne dans votre Ciel, ce sera sans doute le d�but d&apos;une p�riode de vaches maigres ! Vous ne risquez certes pas une catastrophe, mais vous devez vous attendre � voir vos revenus se stabiliser ou m�me diminuer. Vous vous en sortirez bien si vous faites en effort d&apos;organisation et d&apos;�conomie. L&apos;ennui, c&apos;est qu&apos;avec cet aspect de Jupiter, vous serez fort tent� de vivre au-dessus de vos moyens. Essayez de vous contr�ler afin d&apos;�viter d&apos;�tre surendett�.&lt;br&gt;&lt;br&gt;&lt;b&gt;Horoscope B�lier - Sant�&lt;/b&gt;&lt;br&gt;On aurait plut�t envie de vous dire de lever le pied ! Quel tonus, quelle activit� ! N&apos;en faites pas trop tout de m�me, vous allez vous �puiser. Il faut dire que les influx seront tellement dynamisants qu&apos;ils vous donneront des ailes.&lt;br&gt;&lt;br&gt;&lt;b&gt;Horoscope B�lier - Travail&lt;/b&gt;&lt;br&gt;Une belle concentration de plan�tes b�n�fiques dans votre Ciel aujourd&apos;hui ! Autant dire que le succ�s dans votre travail ne pourra pas vous �chapper. Profitez de la situation favorable pour vous mettre un peu plus en avant, surtout si vous estimez que votre valeur professionnelle n&apos;est pas suffisamment reconnue et appr�ci�e.&lt;br&gt;&lt;br&gt;&lt;b&gt;Horoscope B�lier - Famille&lt;/b&gt;&lt;br&gt;Votre vie familiale sera moins prenante que derni�rement, et vous l&apos;aborderez avec davantage de recul, ce qui vous permettra de vous montrer plus d�tendu avec vos proches.&lt;br&gt;&lt;br&gt;&lt;b&gt;Horoscope B�lier - Vie sociale&lt;/b&gt;&lt;br&gt;B�n�ficiant d&apos;influx revigorants, vous serez plus entreprenant que jamais. Pourtant, vous saurez vous montrer diplomate si la situation l&apos;exige. Bref, vous pourrez jouer sur plusieurs tableaux et prouverez que vous �tes capable de vous adapter � n&apos;importe quelle circonstance. Cela vous permettra de remporter quelques beaux succ�s dans le domaine amical ou de relations sociales.&lt;br&gt;&lt;br&gt;&lt;b&gt;Horoscope B�lier - Citation du jour&lt;/b&gt;&lt;br&gt;Pas de mariage sans larmes, pas d&apos;enterrement sans rires (proverbe italien).&lt;br&gt;&lt;br&gt;&lt;b&gt;Horoscope B�lier - Nombre de chance&lt;/b&gt;&lt;br&gt;365&lt;br&gt;&lt;br&gt;&lt;b&gt;Horoscope B�lier - Clin d&apos;oeil&lt;/b&gt;&lt;br&gt;Au lieu de fulminer quand les choses vous r�sistent, tentez de pratiquer le l�cher-prise. Cela donnerait aux situations bloqu�es le temps de se d�canter.&lt;br&gt;&lt;br&gt;&lt;center&gt;&lt;a href=&quot;https://www.asiaflash.com/horoscope-2019/&quot; target=&quot;_blank&quot;&gt;&lt;font size=&quot;-1&quot;&gt;Horoscope 2019&lt;/font&gt;&lt;/a&gt;| &lt;a href=&quot;https://www.asiaflash.com/tarot/&quot; target=&quot;_blank&quot;&gt;&lt;font size=&quot;-1&quot;&gt;Tarot gratuit&lt;/font&gt;&lt;/a&gt;| &lt;a href=&quot;https://www.asiaflash.com/horoscope/&quot; target=&quot;_blank&quot;&gt;&lt;font size=&quot;-1&quot;&gt;Horoscopes&lt;/font&gt;&lt;/a&gt;&lt;br&gt;&lt;a href=&quot;https://www.asiaflash.com/&quot; target=&quot;_blank&quot;&gt;&lt;font size=&quot;-1&quot;&gt;(c) AsiaFlash.com&lt;/font&gt;&lt;/a&gt;&lt;/center&gt;
</system-out>
  </testcase>
</testsuite>